[0m15:27:15.117041 [debug] [MainThread]: Sending event: {'category': 'dbt', 'action': 'invocation', 'label': 'start', 'context': [<snowplow_tracker.self_describing_json.SelfDescribingJson object at 0x000001A36C736C00>, <snowplow_tracker.self_describing_json.SelfDescribingJson object at 0x000001A36D764BC0>, <snowplow_tracker.self_describing_json.SelfDescribingJson object at 0x000001A36C543470>]}


============================== 15:27:15.128351 | 2ac8179b-bb48-4f41-bbc2-2dc7b5bc5e43 ==============================
[0m15:27:15.128351 [info ] [MainThread]: Running with dbt=1.11.11
[0m15:27:15.128351 [debug] [MainThread]: running dbt with arguments {'static_parser': 'True', 'no_print': 'None', 'version_check': 'True', 'warn_error_options': 'WarnErrorOptionsV2(error=[], warn=[], silence=[])', 'target_path': 'None', 'printer_width': '80', 'write_json': 'True', 'introspect': 'True', 'log_cache_events': 'False', 'empty': 'None', 'cache_selected_only': 'False', 'log_format': 'default', 'debug': 'False', 'fail_fast': 'False', 'profiles_dir': 'C:\\Users\\RIYA\\.dbt', 'send_anonymous_usage_stats': 'True', 'quiet': 'False', 'warn_error': 'None', 'partial_parse': 'True', 'invocation_command': 'dbt init dbt', 'use_colors': 'True', 'indirect_selection': 'eager', 'use_experimental_parser': 'False', 'log_path': 'logs'}
[0m15:27:32.955551 [debug] [MainThread]: Starter project path: C:\Users\RIYA\AppData\Local\Programs\Python\Python312\Lib\site-packages\dbt\include\starter_project
[0m15:27:32.967139 [info ] [MainThread]: 
Your new dbt project "tokenwatch" was created!

For more information on how to configure the profiles.yml file,
please consult the dbt documentation here:

  https://docs.getdbt.com/docs/configure-your-profile

One more thing:

Need help? Don't hesitate to reach out to us via GitHub issues or on Slack:

  https://community.getdbt.com/

Happy modeling!

[0m15:27:32.968139 [info ] [MainThread]: Setting up your profile.
[0m15:27:38.667845 [debug] [MainThread]: Snowflake adapter: Setting snowflake.connector to ERROR (file logging only)
[0m15:27:38.667845 [debug] [MainThread]: Snowflake adapter: Setting botocore to ERROR (file logging only)
[0m15:27:38.668849 [debug] [MainThread]: Snowflake adapter: Setting boto3 to ERROR (file logging only)
[0m15:29:25.264161 [info ] [MainThread]: Profile tokenwatch written to C:\Users\RIYA\.dbt\profiles.yml using target's profile_template.yml and your supplied values. Run 'dbt debug' to validate the connection.
[0m15:29:25.265071 [debug] [MainThread]: Command `dbt init` succeeded at 15:29:25.265071 after 130.28 seconds
[0m15:29:25.265071 [debug] [MainThread]: Sending event: {'category': 'dbt', 'action': 'invocation', 'label': 'end', 'context': [<snowplow_tracker.self_describing_json.SelfDescribingJson object at 0x000001A36C143620>, <snowplow_tracker.self_describing_json.SelfDescribingJson object at 0x000001A37DFE3D70>, <snowplow_tracker.self_describing_json.SelfDescribingJson object at 0x000001A37D8A00E0>]}
[0m15:29:25.266072 [debug] [MainThread]: Flushing usage events
[0m15:29:25.622837 [debug] [MainThread]: An error was encountered while trying to flush usage events
[0m15:29:46.154149 [debug] [MainThread]: Sending event: {'category': 'dbt', 'action': 'invocation', 'label': 'start', 'context': [<snowplow_tracker.self_describing_json.SelfDescribingJson object at 0x00000288A18CA870>, <snowplow_tracker.self_describing_json.SelfDescribingJson object at 0x000002889E1BE570>, <snowplow_tracker.self_describing_json.SelfDescribingJson object at 0x00000288A1569B80>]}


============================== 15:29:46.157496 | 0148b10e-a59b-4fed-b6ee-cb5a25f6a39f ==============================
[0m15:29:46.157496 [info ] [MainThread]: Running with dbt=1.11.11
[0m15:29:46.158494 [debug] [MainThread]: running dbt with arguments {'version_check': 'True', 'no_print': 'None', 'static_parser': 'True', 'warn_error_options': 'WarnErrorOptionsV2(error=[], warn=[], silence=[])', 'target_path': 'None', 'printer_width': '80', 'write_json': 'True', 'empty': 'None', 'log_cache_events': 'False', 'introspect': 'True', 'cache_selected_only': 'False', 'log_format': 'default', 'debug': 'False', 'fail_fast': 'False', 'profiles_dir': 'C:\\Users\\RIYA\\.dbt', 'send_anonymous_usage_stats': 'True', 'quiet': 'False', 'warn_error': 'None', 'partial_parse': 'True', 'invocation_command': 'dbt debug', 'indirect_selection': 'eager', 'use_colors': 'True', 'use_experimental_parser': 'False', 'log_path': 'logs'}
[0m15:29:46.174423 [info ] [MainThread]: dbt version: 1.11.11
[0m15:29:46.175423 [info ] [MainThread]: python version: 3.12.6
[0m15:29:46.175423 [info ] [MainThread]: python path: C:\Users\RIYA\AppData\Local\Programs\Python\Python312\python.exe
[0m15:29:46.175423 [info ] [MainThread]: os info: Windows-11-10.0.26200-SP0
[0m15:29:47.315718 [debug] [MainThread]: Snowflake adapter: Setting snowflake.connector to ERROR (file logging only)
[0m15:29:47.315718 [debug] [MainThread]: Snowflake adapter: Setting botocore to ERROR (file logging only)
[0m15:29:47.315718 [debug] [MainThread]: Snowflake adapter: Setting boto3 to ERROR (file logging only)
[0m15:29:47.367458 [info ] [MainThread]: Using profiles dir at C:\Users\RIYA\.dbt
[0m15:29:47.368366 [info ] [MainThread]: Using profiles.yml file at C:\Users\RIYA\.dbt\profiles.yml
[0m15:29:47.368366 [info ] [MainThread]: Using dbt_project.yml file at C:\Users\RIYA\Documents\tokenwatch\dbt_project.yml
[0m15:29:47.368366 [error] [MainThread]: Encountered an error:
Internal Error
  Profile should not be None if loading profile completed
[0m15:29:47.369370 [debug] [MainThread]: Command `dbt debug` failed at 15:29:47.369370 after 1.34 seconds
[0m15:29:47.370371 [debug] [MainThread]: Sending event: {'category': 'dbt', 'action': 'invocation', 'label': 'end', 'context': [<snowplow_tracker.self_describing_json.SelfDescribingJson object at 0x00000288A1C15CA0>, <snowplow_tracker.self_describing_json.SelfDescribingJson object at 0x00000288B5208E30>, <snowplow_tracker.self_describing_json.SelfDescribingJson object at 0x00000288B5384140>]}
[0m15:29:47.370371 [debug] [MainThread]: Flushing usage events
[0m15:29:47.984656 [debug] [MainThread]: An error was encountered while trying to flush usage events
